app/build/intermediates/manifest_merge_blame_file/debug/manifest-merger-blame-debug-report.txt
1<?xml version="1.0" encoding="utf-8"?>
2<manifest xmlns:android="http://schemas.android.com/apk/res/android"
3    package="com.directoriodelicias.apps.delicias"
4    android:versionCode="213"
5    android:versionName="2.1.3" >
6
7    <uses-sdk
8        android:minSdkVersion="17"
8-->src\main\AndroidManifest.xml
9        android:targetSdkVersion="29" />
9-->src\main\AndroidManifest.xml
10
11    <uses-permission android:name="android.permission.ACCESS_COARSE_LOCATION" />
11-->src\main\AndroidManifest.xml:6:5-81
11-->src\main\AndroidManifest.xml:6:22-78
12    <uses-permission android:name="android.permission.ACCESS_FINE_LOCATION" />
12-->src\main\AndroidManifest.xml:7:5-79
12-->src\main\AndroidManifest.xml:7:22-76
13    <uses-permission android:name="android.permission.WAKE_LOCK" />
13-->src\main\AndroidManifest.xml:8:5-68
13-->src\main\AndroidManifest.xml:8:22-65
14    <uses-permission android:name="android.permission.CALL_PHONE" />
14-->src\main\AndroidManifest.xml:9:5-69
14-->src\main\AndroidManifest.xml:9:22-66
15    <uses-permission android:name="android.permission.READ_EXTERNAL_STORAGE" />
15-->src\main\AndroidManifest.xml:10:5-80
15-->src\main\AndroidManifest.xml:10:22-77
16    <uses-permission android:name="android.permission.WRITE_EXTERNAL_STORAGE" />
16-->src\main\AndroidManifest.xml:11:5-81
16-->src\main\AndroidManifest.xml:11:22-78
17    <uses-permission android:name="android.permission.INTERNET" />
17-->src\main\AndroidManifest.xml:12:5-67
17-->src\main\AndroidManifest.xml:12:22-64
18    <uses-permission android:name="android.permission.ACCESS_NETWORK_STATE" />
18-->src\main\AndroidManifest.xml:13:5-79
18-->src\main\AndroidManifest.xml:13:22-76
19    <uses-permission android:name="android.permission.ACCESS_WIFI_STATE" />
19-->src\main\AndroidManifest.xml:14:5-76
19-->src\main\AndroidManifest.xml:14:22-73
20    <!-- BroadcastReceiver permission to listen to the network -->
21    <uses-permission android:name="android.permission.CHANGE_WIFI_STATE" />
21-->src\main\AndroidManifest.xml:18:5-76
21-->src\main\AndroidManifest.xml:18:22-73
22    <uses-permission android:name="android.permission.CHANGE_NETWORK_STATE" />
22-->src\main\AndroidManifest.xml:19:5-79
22-->src\main\AndroidManifest.xml:19:22-76
23    <uses-permission android:name="android.permission.BLUETOOTH" /> <!-- Required OpenGL ES 2.0. for Maps V2 -->
23-->src\main\AndroidManifest.xml:20:5-68
23-->src\main\AndroidManifest.xml:20:22-65
24    <uses-feature
24-->src\main\AndroidManifest.xml:21:5-23:35
25        android:glEsVersion="0x00020000"
25-->src\main\AndroidManifest.xml:22:9-41
26        android:required="true" />
26-->src\main\AndroidManifest.xml:23:9-32
27    <uses-feature
27-->src\main\AndroidManifest.xml:24:5-26:35
28        android:name="android.hardware.location"
28-->src\main\AndroidManifest.xml:25:9-49
29        android:required="true" />
29-->src\main\AndroidManifest.xml:26:9-32
30    <uses-feature
30-->src\main\AndroidManifest.xml:27:5-29:35
31        android:name="android.hardware.location.gps"
31-->src\main\AndroidManifest.xml:28:9-53
32        android:required="true" />
32-->src\main\AndroidManifest.xml:29:9-32
33    <uses-feature
33-->src\main\AndroidManifest.xml:31:5-33:35
34        android:name="android.hardware.camera"
34-->src\main\AndroidManifest.xml:32:9-47
35        android:required="true" />
35-->src\main\AndroidManifest.xml:33:9-32
36
37    <supports-screens
37-->src\main\AndroidManifest.xml:35:5-39:39
38        android:anyDensity="true"
38-->src\main\AndroidManifest.xml:36:9-34
39        android:largeScreens="true"
39-->src\main\AndroidManifest.xml:37:9-36
40        android:normalScreens="true"
40-->src\main\AndroidManifest.xml:38:9-37
41        android:smallScreens="true" />
41-->src\main\AndroidManifest.xml:39:9-36
42
43    <uses-permission android:name="android.permission.VIBRATE" /> <!-- Required by older versions of Google Play services to create IID tokens -->
43-->[com.wdullaer:materialdatetimepicker:3.2.0] AndroidManifest.xml:26:5-66
43-->[com.wdullaer:materialdatetimepicker:3.2.0] AndroidManifest.xml:26:22-63
44    <uses-permission android:name="com.google.android.c2dm.permission.RECEIVE" />
44-->[com.google.firebase:firebase-iid:18.0.0] AndroidManifest.xml:26:5-82
44-->[com.google.firebase:firebase-iid:18.0.0] AndroidManifest.xml:26:22-79
45    <uses-permission android:name="com.google.android.finsky.permission.BIND_GET_INSTALL_REFERRER_SERVICE" />
45-->[com.google.android.gms:play-services-measurement:18.0.0] AndroidManifest.xml:26:5-110
45-->[com.google.android.gms:play-services-measurement:18.0.0] AndroidManifest.xml:26:22-107
46
47    <application
47-->src\main\AndroidManifest.xml:41:5-322:19
48        android:name="com.directoriodelicias.apps.delicias.AppController"
48-->src\main\AndroidManifest.xml:42:9-74
49        android:allowBackup="true"
49-->src\main\AndroidManifest.xml:43:9-35
50        android:appComponentFactory="androidx.core.app.CoreComponentFactory"
50-->[androidx.core:core:1.3.0] AndroidManifest.xml:24:18-86
51        android:debuggable="true"
52        android:icon="@mipmap/ic_launcher"
52-->src\main\AndroidManifest.xml:44:9-43
53        android:label="@string/app_name"
53-->src\main\AndroidManifest.xml:45:9-41
54        android:largeHeap="true"
54-->src\main\AndroidManifest.xml:46:9-33
55        android:networkSecurityConfig="@xml/network_security_config"
55-->src\main\AndroidManifest.xml:47:9-69
56        android:supportsRtl="true"
56-->src\main\AndroidManifest.xml:48:9-35
57        android:theme="@style/AppTheme" >
57-->src\main\AndroidManifest.xml:49:9-40
58        <uses-library
58-->src\main\AndroidManifest.xml:53:9-55:40
59            android:name="org.apache.http.legacy"
59-->src\main\AndroidManifest.xml:54:13-50
60            android:required="false" /> <!-- Goolge Maps API Key -->
60-->src\main\AndroidManifest.xml:55:13-37
61        <meta-data
61-->src\main\AndroidManifest.xml:56:9-58:52
62            android:name="com.google.android.geo.API_KEY"
62-->src\main\AndroidManifest.xml:57:13-58
63            android:value="@string/map_api_key0" />
63-->src\main\AndroidManifest.xml:58:13-49
64        <meta-data
64-->src\main\AndroidManifest.xml:59:9-61:49
65            android:name="com.google.android.gms.ads.APPLICATION_ID"
65-->src\main\AndroidManifest.xml:60:13-69
66            android:value="@string/ad_app_id" />
66-->src\main\AndroidManifest.xml:61:13-46
67
68        <service android:name="com.directoriodelicias.apps.delicias.push_notification_firebase.FirebaseMessagingService" >
68-->src\main\AndroidManifest.xml:63:9-67:19
68-->src\main\AndroidManifest.xml:63:18-121
69            <intent-filter>
69-->src\main\AndroidManifest.xml:64:13-66:29
70                <action android:name="com.google.firebase.MESSAGING_EVENT" />
70-->src\main\AndroidManifest.xml:65:17-78
70-->src\main\AndroidManifest.xml:65:25-75
71            </intent-filter>
72        </service>
73        <service android:name="com.directoriodelicias.apps.delicias.push_notification_firebase.FirebaseInstanceIDService" >
73-->src\main\AndroidManifest.xml:68:9-72:19
73-->src\main\AndroidManifest.xml:68:18-122
74            <intent-filter>
74-->src\main\AndroidManifest.xml:69:13-71:29
75                <action android:name="com.google.firebase.INSTANCE_ID_EVENT" />
75-->src\main\AndroidManifest.xml:70:17-80
75-->src\main\AndroidManifest.xml:70:25-77
76            </intent-filter>
77        </service>
78
79        <activity
79-->src\main\AndroidManifest.xml:74:9-77:64
80            android:name="com.google.android.gms.ads.AdActivity"
80-->src\main\AndroidManifest.xml:75:13-65
81            android:configChanges="keyboard|keyboardHidden|orientation|screenLayout|uiMode|screenSize|smallestScreenSize"
81-->src\main\AndroidManifest.xml:76:13-122
82            android:exported="false"
82-->[com.google.android.gms:play-services-ads-lite:17.2.0] AndroidManifest.xml:32:13-37
83            android:theme="@android:style/Theme.Translucent" />
83-->src\main\AndroidManifest.xml:77:13-61
84
85        <receiver android:name="com.directoriodelicias.apps.delicias.dtmessenger.DCMBroadcastReceiver" >
85-->src\main\AndroidManifest.xml:79:9-86:20
85-->src\main\AndroidManifest.xml:79:19-103
86            <intent-filter>
86-->src\main\AndroidManifest.xml:80:13-85:29
87                <action android:name="android.net.conn.CONNECTIVITY_CHANGE" />
87-->src\main\AndroidManifest.xml:81:17-83:50
87-->src\main\AndroidManifest.xml:82:21-72
88                <action android:name="android.net.wifi.WIFI_STATE_CHANGED" />
88-->src\main\AndroidManifest.xml:84:17-78
88-->src\main\AndroidManifest.xml:84:25-75
89            </intent-filter>
90        </receiver>
91
92        <activity
92-->src\main\AndroidManifest.xml:88:9-90:52
93            android:name="com.directoriodelicias.apps.delicias.activities.IntroSliderActivity"
93-->src\main\AndroidManifest.xml:89:13-95
94            android:screenOrientation="portrait" />
94-->src\main\AndroidManifest.xml:90:13-49
95        <activity
95-->src\main\AndroidManifest.xml:91:9-93:52
96            android:name="com.directoriodelicias.apps.delicias.activities.MessengerActivity"
96-->src\main\AndroidManifest.xml:92:13-93
97            android:screenOrientation="portrait" />
97-->src\main\AndroidManifest.xml:93:13-49
98        <activity
98-->src\main\AndroidManifest.xml:94:9-96:52
99            android:name="com.directoriodelicias.apps.delicias.activities.ReviewsActivity"
99-->src\main\AndroidManifest.xml:95:13-91
100            android:screenOrientation="portrait" />
100-->src\main\AndroidManifest.xml:96:13-49
101        <activity
101-->src\main\AndroidManifest.xml:97:9-99:52
102            android:name="com.directoriodelicias.apps.delicias.activities.OffersListActivity"
102-->src\main\AndroidManifest.xml:98:13-94
103            android:screenOrientation="portrait" />
103-->src\main\AndroidManifest.xml:99:13-49
104        <activity
104-->src\main\AndroidManifest.xml:100:9-102:52
105            android:name="com.directoriodelicias.apps.delicias.activities.ListUsersActivity"
105-->src\main\AndroidManifest.xml:101:13-93
106            android:screenOrientation="portrait" />
106-->src\main\AndroidManifest.xml:102:13-49
107        <activity
107-->src\main\AndroidManifest.xml:103:9-105:52
108            android:name="com.directoriodelicias.apps.delicias.activities.InboxActivity"
108-->src\main\AndroidManifest.xml:104:13-89
109            android:screenOrientation="portrait" />
109-->src\main\AndroidManifest.xml:105:13-49
110        <activity
110-->src\main\AndroidManifest.xml:106:9-110:63
111            android:name="com.wuadam.awesomewebview.AwesomeWebViewActivity"
111-->src\main\AndroidManifest.xml:107:13-76
112            android:configChanges="keyboardHidden|orientation|screenSize"
112-->src\main\AndroidManifest.xml:108:13-74
113            android:hardwareAccelerated="true"
113-->src\main\AndroidManifest.xml:109:13-47
114            android:theme="@style/FinestWebViewTheme.Light" />
114-->src\main\AndroidManifest.xml:110:13-60
115        <activity
115-->src\main\AndroidManifest.xml:111:9-114:52
116            android:name="com.directoriodelicias.apps.delicias.activities.MainActivity"
116-->src\main\AndroidManifest.xml:112:13-88
117            android:configChanges="uiMode"
117-->src\main\AndroidManifest.xml:113:13-43
118            android:screenOrientation="portrait" />
118-->src\main\AndroidManifest.xml:114:13-49
119        <activity
119-->src\main\AndroidManifest.xml:115:9-117:52
120            android:name="com.directoriodelicias.apps.delicias.activities.MapDirectionActivity"
120-->src\main\AndroidManifest.xml:116:13-96
121            android:screenOrientation="portrait" />
121-->src\main\AndroidManifest.xml:117:13-49
122        <activity
122-->src\main\AndroidManifest.xml:118:9-120:52
123            android:name="com.directoriodelicias.apps.delicias.activities.MapStoresListActivity"
123-->src\main\AndroidManifest.xml:119:13-97
124            android:screenOrientation="portrait" />
124-->src\main\AndroidManifest.xml:120:13-49
125        <activity
125-->src\main\AndroidManifest.xml:121:9-123:52
126            android:name="com.directoriodelicias.apps.delicias.activities.AboutActivity"
126-->src\main\AndroidManifest.xml:122:13-89
127            android:screenOrientation="portrait" />
127-->src\main\AndroidManifest.xml:123:13-49
128        <activity
128-->src\main\AndroidManifest.xml:124:9-126:52
129            android:name="com.directoriodelicias.apps.delicias.activities.ProfileActivity"
129-->src\main\AndroidManifest.xml:125:13-91
130            android:screenOrientation="portrait" />
130-->src\main\AndroidManifest.xml:126:13-49
131        <activity
131-->src\main\AndroidManifest.xml:127:9-129:52
132            android:name="com.directoriodelicias.apps.delicias.activities.CategoriesActivity"
132-->src\main\AndroidManifest.xml:128:13-94
133            android:screenOrientation="portrait" />
133-->src\main\AndroidManifest.xml:129:13-49
134        <activity
134-->src\main\AndroidManifest.xml:130:9-132:52
135            android:name="com.directoriodelicias.apps.delicias.activities.ListStoresActivity"
135-->src\main\AndroidManifest.xml:131:13-94
136            android:screenOrientation="portrait" />
136-->src\main\AndroidManifest.xml:132:13-49
137        <activity
137-->src\main\AndroidManifest.xml:133:9-135:52
138            android:name="com.directoriodelicias.apps.delicias.activities.EventsListActivity"
138-->src\main\AndroidManifest.xml:134:13-94
139            android:screenOrientation="portrait" />
139-->src\main\AndroidManifest.xml:135:13-49
140        <activity
140-->src\main\AndroidManifest.xml:136:9-138:52
141            android:name="com.directoriodelicias.apps.delicias.activities.StoresListActivity"
141-->src\main\AndroidManifest.xml:137:13-94
142            android:screenOrientation="portrait" />
142-->src\main\AndroidManifest.xml:138:13-49
143        <activity
143-->src\main\AndroidManifest.xml:139:9-141:52
144            android:name="com.directoriodelicias.apps.delicias.activities.PeopleListActivity"
144-->src\main\AndroidManifest.xml:140:13-94
145            android:screenOrientation="portrait" />
145-->src\main\AndroidManifest.xml:141:13-49
146        <activity
146-->src\main\AndroidManifest.xml:142:9-144:52
147            android:name="com.directoriodelicias.apps.delicias.activities.CustomSearchActivity"
147-->src\main\AndroidManifest.xml:143:13-96
148            android:screenOrientation="portrait" />
148-->src\main\AndroidManifest.xml:144:13-49
149        <activity
149-->src\main\AndroidManifest.xml:145:9-153:20
150            android:name="com.directoriodelicias.apps.delicias.activities.SplashActivity"
150-->src\main\AndroidManifest.xml:146:13-90
151            android:screenOrientation="portrait" >
151-->src\main\AndroidManifest.xml:147:13-49
152            <intent-filter>
152-->src\main\AndroidManifest.xml:148:13-152:29
153                <action android:name="android.intent.action.MAIN" />
153-->src\main\AndroidManifest.xml:149:17-69
153-->src\main\AndroidManifest.xml:149:25-66
154
155                <category android:name="android.intent.category.LAUNCHER" />
155-->src\main\AndroidManifest.xml:151:17-77
155-->src\main\AndroidManifest.xml:151:27-74
156            </intent-filter>
157        </activity>
158        <activity
158-->src\main\AndroidManifest.xml:154:9-156:52
159            android:name="com.directoriodelicias.apps.delicias.activities.SettingActivity"
159-->src\main\AndroidManifest.xml:155:13-91
160            android:screenOrientation="portrait" />
160-->src\main\AndroidManifest.xml:156:13-49
161        <activity
161-->src\main\AndroidManifest.xml:157:9-159:52
162            android:name="com.directoriodelicias.apps.delicias.activities.SliderActivity"
162-->src\main\AndroidManifest.xml:158:13-90
163            android:screenOrientation="portrait" />
163-->src\main\AndroidManifest.xml:159:13-49
164        <activity
164-->src\main\AndroidManifest.xml:160:9-162:52
165            android:name="com.directoriodelicias.apps.delicias.activities.GalleryActivity"
165-->src\main\AndroidManifest.xml:161:13-91
166            android:screenOrientation="portrait" />
166-->src\main\AndroidManifest.xml:162:13-49
167        <activity
167-->src\main\AndroidManifest.xml:165:9-207:20
168            android:name="com.directoriodelicias.apps.delicias.activities.OfferDetailActivity"
168-->src\main\AndroidManifest.xml:166:13-95
169            android:screenOrientation="portrait" >
169-->src\main\AndroidManifest.xml:167:13-49
170            <intent-filter android:label="@string/_DP_OFFER_MESSAGE" >
170-->src\main\AndroidManifest.xml:168:13-205:29
170-->src\main\AndroidManifest.xml:168:28-69
171                <action android:name="android.intent.action.VIEW" />
171-->src\main\AndroidManifest.xml:169:17-69
171-->src\main\AndroidManifest.xml:169:25-66
172
173                <category android:name="android.intent.category.DEFAULT" />
173-->src\main\AndroidManifest.xml:171:17-76
173-->src\main\AndroidManifest.xml:171:27-73
174                <category android:name="android.intent.category.BROWSABLE" />
174-->src\main\AndroidManifest.xml:172:17-78
174-->src\main\AndroidManifest.xml:172:27-75
175                <!-- Accepts URIs that begin with "http://www.example.com/gizmos” -->
176
177                <data
177-->src\main\AndroidManifest.xml:175:17-178:46
178                    android:host="@string/_DP_HOST_NAME"
178-->src\main\AndroidManifest.xml:176:21-57
179                    android:pathPrefix="@string/DP_PATH_PREFIX_OFFER"
179-->src\main\AndroidManifest.xml:177:21-70
180                    android:scheme="nsapp" />
180-->src\main\AndroidManifest.xml:178:21-43
181                <data
181-->src\main\AndroidManifest.xml:175:17-178:46
182                    android:host="@string/_DP_HOST_NAME"
182-->src\main\AndroidManifest.xml:176:21-57
183                    android:pathPrefix="@string/DP_PATH_PREFIX_OFFER"
183-->src\main\AndroidManifest.xml:177:21-70
184                    android:scheme="http" />
184-->src\main\AndroidManifest.xml:178:21-43
185                <data
185-->src\main\AndroidManifest.xml:175:17-178:46
186                    android:host="@string/_DP_HOST_NAME"
186-->src\main\AndroidManifest.xml:176:21-57
187                    android:pathPrefix="@string/DP_PATH_PREFIX_OFFER"
187-->src\main\AndroidManifest.xml:177:21-70
188                    android:scheme="https" />
188-->src\main\AndroidManifest.xml:178:21-43
189
190                <!-- WITH INDEX -->
191                <data
191-->src\main\AndroidManifest.xml:175:17-178:46
192                    android:host="@string/_DP_HOST_NAME"
192-->src\main\AndroidManifest.xml:176:21-57
193                    android:pathPrefix="@string/DP_PATH_PREFIX_OFFER_INDEX"
193-->src\main\AndroidManifest.xml:177:21-70
194                    android:scheme="nsapp" />
194-->src\main\AndroidManifest.xml:178:21-43
195                <data
195-->src\main\AndroidManifest.xml:175:17-178:46
196                    android:host="@string/_DP_HOST_NAME"
196-->src\main\AndroidManifest.xml:176:21-57
197                    android:pathPrefix="@string/DP_PATH_PREFIX_OFFER_INDEX"
197-->src\main\AndroidManifest.xml:177:21-70
198                    android:scheme="http" />
198-->src\main\AndroidManifest.xml:178:21-43
199                <data
199-->src\main\AndroidManifest.xml:175:17-178:46
200                    android:host="@string/_DP_HOST_NAME"
200-->src\main\AndroidManifest.xml:176:21-57
201                    android:pathPrefix="@string/DP_PATH_PREFIX_OFFER_INDEX"
201-->src\main\AndroidManifest.xml:177:21-70
202                    android:scheme="https" />
202-->src\main\AndroidManifest.xml:178:21-43
203            </intent-filter>
204        </activity>
205        <activity
205-->src\main\AndroidManifest.xml:210:9-254:20
206            android:name="com.directoriodelicias.apps.delicias.activities.StoreDetailActivity"
206-->src\main\AndroidManifest.xml:211:13-95
207            android:screenOrientation="portrait" >
207-->src\main\AndroidManifest.xml:212:13-49
208            <intent-filter android:label="@string/_DP_STORE_MESSAGE" >
208-->src\main\AndroidManifest.xml:213:13-253:29
208-->src\main\AndroidManifest.xml:213:28-69
209                <action android:name="android.intent.action.VIEW" />
209-->src\main\AndroidManifest.xml:169:17-69
209-->src\main\AndroidManifest.xml:169:25-66
210
211                <category android:name="android.intent.category.DEFAULT" />
211-->src\main\AndroidManifest.xml:171:17-76
211-->src\main\AndroidManifest.xml:171:27-73
212                <category android:name="android.intent.category.BROWSABLE" />
212-->src\main\AndroidManifest.xml:172:17-78
212-->src\main\AndroidManifest.xml:172:27-75
213                <!-- Accepts URIs that begin with "http://www.example.com/gizmos” -->
214
215                <data
215-->src\main\AndroidManifest.xml:175:17-178:46
216                    android:host="@string/_DP_HOST_NAME"
216-->src\main\AndroidManifest.xml:176:21-57
217                    android:pathPrefix="@string/DP_PATH_PREFIX_STORE"
217-->src\main\AndroidManifest.xml:177:21-70
218                    android:scheme="nsapp" />
218-->src\main\AndroidManifest.xml:178:21-43
219                <data
219-->src\main\AndroidManifest.xml:175:17-178:46
220                    android:host="@string/_DP_HOST_NAME"
220-->src\main\AndroidManifest.xml:176:21-57
221                    android:pathPrefix="@string/DP_PATH_PREFIX_STORE"
221-->src\main\AndroidManifest.xml:177:21-70
222                    android:scheme="http" />
222-->src\main\AndroidManifest.xml:178:21-43
223                <data
223-->src\main\AndroidManifest.xml:175:17-178:46
224                    android:host="@string/_DP_HOST_NAME"
224-->src\main\AndroidManifest.xml:176:21-57
225                    android:pathPrefix="@string/DP_PATH_PREFIX_STORE"
225-->src\main\AndroidManifest.xml:177:21-70
226                    android:scheme="https" />
226-->src\main\AndroidManifest.xml:178:21-43
227
228                <!-- WITH INDEX -->
229                <data
229-->src\main\AndroidManifest.xml:175:17-178:46
230                    android:host="@string/_DP_HOST_NAME"
230-->src\main\AndroidManifest.xml:176:21-57
231                    android:pathPrefix="@string/DP_PATH_PREFIX_STORE_INDEX"
231-->src\main\AndroidManifest.xml:177:21-70
232                    android:scheme="nsapp" />
232-->src\main\AndroidManifest.xml:178:21-43
233                <data
233-->src\main\AndroidManifest.xml:175:17-178:46
234                    android:host="@string/_DP_HOST_NAME"
234-->src\main\AndroidManifest.xml:176:21-57
235                    android:pathPrefix="@string/DP_PATH_PREFIX_STORE_INDEX"
235-->src\main\AndroidManifest.xml:177:21-70
236                    android:scheme="http" />
236-->src\main\AndroidManifest.xml:178:21-43
237                <data
237-->src\main\AndroidManifest.xml:175:17-178:46
238                    android:host="@string/_DP_HOST_NAME"
238-->src\main\AndroidManifest.xml:176:21-57
239                    android:pathPrefix="@string/DP_PATH_PREFIX_STORE_INDEX"
239-->src\main\AndroidManifest.xml:177:21-70
240                    android:scheme="https" />
240-->src\main\AndroidManifest.xml:178:21-43
241
242                <!-- note that the leading "/" is required for pathPrefix -->
243            </intent-filter>
244        </activity>
245        <activity
245-->src\main\AndroidManifest.xml:256:9-297:20
246            android:name="com.directoriodelicias.apps.delicias.activities.EventDetailActivity"
246-->src\main\AndroidManifest.xml:257:13-95
247            android:screenOrientation="portrait" >
247-->src\main\AndroidManifest.xml:258:13-49
248            <intent-filter android:label="@string/_DP_EVENT_MESSAGE" >
248-->src\main\AndroidManifest.xml:259:13-296:29
248-->src\main\AndroidManifest.xml:259:28-69
249                <action android:name="android.intent.action.VIEW" />
249-->src\main\AndroidManifest.xml:169:17-69
249-->src\main\AndroidManifest.xml:169:25-66
250
251                <category android:name="android.intent.category.DEFAULT" />
251-->src\main\AndroidManifest.xml:171:17-76
251-->src\main\AndroidManifest.xml:171:27-73
252                <category android:name="android.intent.category.BROWSABLE" />
252-->src\main\AndroidManifest.xml:172:17-78
252-->src\main\AndroidManifest.xml:172:27-75
253
254                <data
254-->src\main\AndroidManifest.xml:175:17-178:46
255                    android:host="@string/_DP_HOST_NAME"
255-->src\main\AndroidManifest.xml:176:21-57
256                    android:pathPrefix="@string/DP_PATH_PREFIX_EVENT"
256-->src\main\AndroidManifest.xml:177:21-70
257                    android:scheme="nsapp" />
257-->src\main\AndroidManifest.xml:178:21-43
258                <data
258-->src\main\AndroidManifest.xml:175:17-178:46
259                    android:host="@string/_DP_HOST_NAME"
259-->src\main\AndroidManifest.xml:176:21-57
260                    android:pathPrefix="@string/DP_PATH_PREFIX_EVENT"
260-->src\main\AndroidManifest.xml:177:21-70
261                    android:scheme="http" />
261-->src\main\AndroidManifest.xml:178:21-43
262                <data
262-->src\main\AndroidManifest.xml:175:17-178:46
263                    android:host="@string/_DP_HOST_NAME"
263-->src\main\AndroidManifest.xml:176:21-57
264                    android:pathPrefix="@string/DP_PATH_PREFIX_EVENT"
264-->src\main\AndroidManifest.xml:177:21-70
265                    android:scheme="https" />
265-->src\main\AndroidManifest.xml:178:21-43
266                <!-- note that the leading "/" is required for pathPrefix -->
267
268
269                <!-- WITH INDEX -->
270                <data
270-->src\main\AndroidManifest.xml:175:17-178:46
271                    android:host="@string/_DP_HOST_NAME"
271-->src\main\AndroidManifest.xml:176:21-57
272                    android:pathPrefix="@string/DP_PATH_PREFIX_EVENT_INDEX"
272-->src\main\AndroidManifest.xml:177:21-70
273                    android:scheme="nsapp" />
273-->src\main\AndroidManifest.xml:178:21-43
274                <data
274-->src\main\AndroidManifest.xml:175:17-178:46
275                    android:host="@string/_DP_HOST_NAME"
275-->src\main\AndroidManifest.xml:176:21-57
276                    android:pathPrefix="@string/DP_PATH_PREFIX_EVENT_INDEX"
276-->src\main\AndroidManifest.xml:177:21-70
277                    android:scheme="http" />
277-->src\main\AndroidManifest.xml:178:21-43
278                <data
278-->src\main\AndroidManifest.xml:175:17-178:46
279                    android:host="@string/_DP_HOST_NAME"
279-->src\main\AndroidManifest.xml:176:21-57
280                    android:pathPrefix="@string/DP_PATH_PREFIX_EVENT_INDEX"
280-->src\main\AndroidManifest.xml:177:21-70
281                    android:scheme="https" />
281-->src\main\AndroidManifest.xml:178:21-43
282            </intent-filter>
283        </activity>
284
285        <!-- Version 2.0 activities -->
286
287        <activity
287-->src\main\AndroidManifest.xml:302:9-306:59
288            android:name="com.directoriodelicias.apps.delicias.activities.V2MainActivity"
288-->src\main\AndroidManifest.xml:303:13-90
289            android:configChanges="uiMode"
289-->src\main\AndroidManifest.xml:304:13-43
290            android:label="@string/title_activity_v2_main"
290-->src\main\AndroidManifest.xml:305:13-59
291            android:theme="@style/AppTheme.NoActionBar" />
291-->src\main\AndroidManifest.xml:306:13-56
292        <activity
292-->src\main\AndroidManifest.xml:308:9-310:52
293            android:name="com.directoriodelicias.apps.delicias.activities.CustomSearchActivity$LoginActivityV2"
293-->src\main\AndroidManifest.xml:309:13-112
294            android:screenOrientation="portrait" />
294-->src\main\AndroidManifest.xml:310:13-49
295        <activity
295-->src\main\AndroidManifest.xml:313:9-315:52
296            android:name="com.directoriodelicias.apps.delicias.activities.CustomSearchActivity$ResultFilterActivity"
296-->src\main\AndroidManifest.xml:314:13-117
297            android:screenOrientation="portrait" />
297-->src\main\AndroidManifest.xml:315:13-49
298        <activity
298-->src\main\AndroidManifest.xml:317:9-319:52
299            android:name="com.directoriodelicias.apps.delicias.customView.AdvancedWebViewActivity"
299-->src\main\AndroidManifest.xml:318:13-99
300            android:screenOrientation="portrait" />
300-->src\main\AndroidManifest.xml:319:13-49
301        <activity
301-->[com.google.android.libraries.places:places:2.2.0] AndroidManifest.xml:14:9-20:20
302            android:name="com.google.android.libraries.places.widget.AutocompleteActivity"
302-->[com.google.android.libraries.places:places:2.2.0] AndroidManifest.xml:15:13-91
303            android:exported="false"
303-->[com.google.android.libraries.places:places:2.2.0] AndroidManifest.xml:16:13-37
304            android:label="@string/places_autocomplete_label"
304-->[com.google.android.libraries.places:places:2.2.0] AndroidManifest.xml:17:13-62
305            android:theme="@style/PlacesAutocompleteOverlay"
305-->[com.google.android.libraries.places:places:2.2.0] AndroidManifest.xml:18:13-61
306            android:windowSoftInputMode="adjustResize" >
306-->[com.google.android.libraries.places:places:2.2.0] AndroidManifest.xml:19:13-55
307        </activity>
308        <!--
309             FirebaseMessagingService performs security checks at runtime,
310             but set to not exported to explicitly avoid allowing another app to call it.
311        -->
312        <service
312-->[com.google.firebase:firebase-messaging:18.0.0] AndroidManifest.xml:28:9-34:19
313            android:name="com.google.firebase.messaging.FirebaseMessagingService"
313-->[com.google.firebase:firebase-messaging:18.0.0] AndroidManifest.xml:29:13-82
314            android:exported="false" >
314-->[com.google.firebase:firebase-messaging:18.0.0] AndroidManifest.xml:30:13-37